{"/Users/rohitbansal/Desktop/RN/collegeDunia/App.js": {"path":"/Users/rohitbansal/Desktop/RN/collegeDunia/App.js","statementMap":{"0":{"start":{"line":27,"column":30},"end":{"line":73,"column":1}},"1":{"start":{"line":28,"column":2},"end":{"line":72,"column":4}},"2":{"start":{"line":75,"column":15},"end":{"line":112,"column":2}}},"fnMap":{"0":{"name":"(anonymous_0)","decl":{"start":{"line":27,"column":30},"end":{"line":27,"column":31}},"loc":{"start":{"line":27,"column":36},"end":{"line":73,"column":1}},"line":27}},"branchMap":{"0":{"loc":{"start":{"line":36,"column":11},"end":{"line":40,"column":11}},"type":"cond-expr","locations":[{"start":{"line":36,"column":43},"end":{"line":36,"column":47}},{"start":{"line":37,"column":12},"end":{"line":39,"column":19}}],"line":36}},"s":{"0":1,"1":1,"2":1},"f":{"0":1},"b":{"0":[1,0]},"_coverageSchema":"1a1c01bbd47fc00a2c39e90264f33305004495a9","hash":"63092ae237fe726092e7e882fdf5b70bb45dff18"}
,"/Users/rohitbansal/Desktop/RN/collegeDunia/src/screens/components/error/ErrorScreen.js": {"path":"/Users/rohitbansal/Desktop/RN/collegeDunia/src/screens/components/error/ErrorScreen.js","statementMap":{"0":{"start":{"line":4,"column":14},"end":{"line":14,"column":1}},"1":{"start":{"line":5,"column":2},"end":{"line":13,"column":4}}},"fnMap":{"0":{"name":"(anonymous_0)","decl":{"start":{"line":4,"column":14},"end":{"line":4,"column":15}},"loc":{"start":{"line":4,"column":33},"end":{"line":14,"column":1}},"line":4}},"branchMap":{},"s":{"0":1,"1":2},"f":{"0":2},"b":{},"_coverageSchema":"1a1c01bbd47fc00a2c39e90264f33305004495a9","hash":"4750633391feca0ea5c5df6cdcf06722abf4f914"}
}
